android/build/intermediates/manifest_merge_blame_file/debug/manifest-merger-blame-debug-report.txt
1<?xml version="1.0" encoding="utf-8"?>
2<manifest xmlns:android="http://schemas.android.com/apk/res/android"
3    package="com.mygdx.game"
4    android:versionCode="1"
5    android:versionName="1.0" >
6
7    <uses-sdk
8        android:minSdkVersion="14"
8-->android\AndroidManifest.xml
9        android:targetSdkVersion="30" />
9-->android\AndroidManifest.xml
10
11    <uses-feature
11-->android\AndroidManifest.xml:4:5-78
12        android:glEsVersion="0x00030000"
12-->android\AndroidManifest.xml:4:19-51
13        android:required="true" />
13-->android\AndroidManifest.xml:4:52-75
14
15    <application
15-->android\AndroidManifest.xml:6:5-23:19
16        android:allowBackup="true"
16-->android\AndroidManifest.xml:7:9-35
17        android:appCategory="game"
17-->android\AndroidManifest.xml:10:9-35
18        android:debuggable="true"
19        android:icon="@mipmap/ic_launcher"
19-->android\AndroidManifest.xml:8:9-43
20        android:isGame="true"
20-->android\AndroidManifest.xml:9:9-30
21        android:label="@string/app_name"
21-->android\AndroidManifest.xml:11:9-41
22        android:testOnly="true"
23        android:theme="@style/GdxTheme" >
23-->android\AndroidManifest.xml:12:9-40
24        <activity
24-->android\AndroidManifest.xml:13:9-22:20
25            android:name="com.mygdx.game.AndroidLauncher"
25-->android\AndroidManifest.xml:14:13-58
26            android:configChanges="keyboard|keyboardHidden|navigation|orientation|screenSize|screenLayout"
26-->android\AndroidManifest.xml:17:13-107
27            android:label="@string/app_name"
27-->android\AndroidManifest.xml:15:13-45
28            android:screenOrientation="landscape" >
28-->android\AndroidManifest.xml:16:13-50
29            <intent-filter>
29-->android\AndroidManifest.xml:18:13-21:29
30                <action android:name="android.intent.action.MAIN" />
30-->android\AndroidManifest.xml:19:17-69
30-->android\AndroidManifest.xml:19:25-66
31
32                <category android:name="android.intent.category.LAUNCHER" />
32-->android\AndroidManifest.xml:20:17-77
32-->android\AndroidManifest.xml:20:27-74
33            </intent-filter>
34        </activity>
35    </application>
36
37</manifest>